-------------------------------------------------------------------------------
Test set: com.yakupselami.spring6restmvc.controller.CustomerControllerTest
-------------------------------------------------------------------------------
Tests run: 7, Failures: 6, Errors: 0, Skipped: 0, Time elapsed: 0.692 s <<< FAILURE! -- in com.yakupselami.spring6restmvc.controller.CustomerControllerTest
com.yakupselami.spring6restmvc.controller.CustomerControllerTest.getCustomerById -- Time elapsed: 0.017 s <<< FAILURE!
java.lang.AssertionError: No value at JSON path "$.id"
	at org.springframework.test.util.JsonPathExpectationsHelper.evaluateJsonPath(JsonPathExpectationsHelper.java:302)
	at org.springframework.test.util.JsonPathExpectationsHelper.assertValue(JsonPathExpectationsHelper.java:73)
	at org.springframework.test.web.servlet.result.JsonPathResultMatchers.lambda$value$0(JsonPathResultMatchers.java:87)
	at org.springframework.test.web.servlet.MockMvc$1.andExpect(MockMvc.java:214)
	at com.yakupselami.spring6restmvc.controller.CustomerControllerTest.getCustomerById(CustomerControllerTest.java:173)
	at java.base/java.lang.reflect.Method.invoke(Method.java:580)
	at java.base/java.util.ArrayList.forEach(ArrayList.java:1596)
	at java.base/java.util.ArrayList.forEach(ArrayList.java:1596)
Caused by: com.jayway.jsonpath.PathNotFoundException: No results for path: $['id']

com.yakupselami.spring6restmvc.controller.CustomerControllerTest.testListCustomers -- Time elapsed: 0.011 s <<< FAILURE!
java.lang.AssertionError: Status expected:<200> but was:<404>
	at org.springframework.test.util.AssertionErrors.fail(AssertionErrors.java:59)
	at org.springframework.test.util.AssertionErrors.assertEquals(AssertionErrors.java:122)
	at org.springframework.test.web.servlet.result.StatusResultMatchers.lambda$matcher$9(StatusResultMatchers.java:637)
	at org.springframework.test.web.servlet.MockMvc$1.andExpect(MockMvc.java:214)
	at com.yakupselami.spring6restmvc.controller.CustomerControllerTest.testListCustomers(CustomerControllerTest.java:155)
	at java.base/java.lang.reflect.Method.invoke(Method.java:580)
	at java.base/java.util.ArrayList.forEach(ArrayList.java:1596)
	at java.base/java.util.ArrayList.forEach(ArrayList.java:1596)

com.yakupselami.spring6restmvc.controller.CustomerControllerTest.testCreateCustomerNullCustomerName -- Time elapsed: 0.009 s <<< FAILURE!
java.lang.AssertionError: Status expected:<400> but was:<405>
	at org.springframework.test.util.AssertionErrors.fail(AssertionErrors.java:59)
	at org.springframework.test.util.AssertionErrors.assertEquals(AssertionErrors.java:122)
	at org.springframework.test.web.servlet.result.StatusResultMatchers.lambda$matcher$9(StatusResultMatchers.java:637)
	at org.springframework.test.web.servlet.MockMvc$1.andExpect(MockMvc.java:214)
	at com.yakupselami.spring6restmvc.controller.CustomerControllerTest.testCreateCustomerNullCustomerName(CustomerControllerTest.java:72)
	at java.base/java.lang.reflect.Method.invoke(Method.java:580)
	at java.base/java.util.ArrayList.forEach(ArrayList.java:1596)
	at java.base/java.util.ArrayList.forEach(ArrayList.java:1596)

com.yakupselami.spring6restmvc.controller.CustomerControllerTest.testPatchCustomer -- Time elapsed: 0.040 s <<< FAILURE!
java.lang.AssertionError: Status expected:<204> but was:<400>
	at org.springframework.test.util.AssertionErrors.fail(AssertionErrors.java:59)
	at org.springframework.test.util.AssertionErrors.assertEquals(AssertionErrors.java:122)
	at org.springframework.test.web.servlet.result.StatusResultMatchers.lambda$matcher$9(StatusResultMatchers.java:637)
	at org.springframework.test.web.servlet.MockMvc$1.andExpect(MockMvc.java:214)
	at com.yakupselami.spring6restmvc.controller.CustomerControllerTest.testPatchCustomer(CustomerControllerTest.java:109)
	at java.base/java.lang.reflect.Method.invoke(Method.java:580)
	at java.base/java.util.ArrayList.forEach(ArrayList.java:1596)
	at java.base/java.util.ArrayList.forEach(ArrayList.java:1596)

com.yakupselami.spring6restmvc.controller.CustomerControllerTest.testUpdateCustomer -- Time elapsed: 0.009 s <<< FAILURE!
java.lang.AssertionError: Status expected:<204> but was:<404>
	at org.springframework.test.util.AssertionErrors.fail(AssertionErrors.java:59)
	at org.springframework.test.util.AssertionErrors.assertEquals(AssertionErrors.java:122)
	at org.springframework.test.web.servlet.result.StatusResultMatchers.lambda$matcher$9(StatusResultMatchers.java:637)
	at org.springframework.test.web.servlet.MockMvc$1.andExpect(MockMvc.java:214)
	at com.yakupselami.spring6restmvc.controller.CustomerControllerTest.testUpdateCustomer(CustomerControllerTest.java:143)
	at java.base/java.lang.reflect.Method.invoke(Method.java:580)
	at java.base/java.util.ArrayList.forEach(ArrayList.java:1596)
	at java.base/java.util.ArrayList.forEach(ArrayList.java:1596)

com.yakupselami.spring6restmvc.controller.CustomerControllerTest.testCreateNewCustomer -- Time elapsed: 0.009 s <<< FAILURE!
java.lang.AssertionError: Status expected:<201> but was:<404>
	at org.springframework.test.util.AssertionErrors.fail(AssertionErrors.java:59)
	at org.springframework.test.util.AssertionErrors.assertEquals(AssertionErrors.java:122)
	at org.springframework.test.web.servlet.result.StatusResultMatchers.lambda$matcher$9(StatusResultMatchers.java:637)
	at org.springframework.test.web.servlet.MockMvc$1.andExpect(MockMvc.java:214)
	at com.yakupselami.spring6restmvc.controller.CustomerControllerTest.testCreateNewCustomer(CustomerControllerTest.java:93)
	at java.base/java.lang.reflect.Method.invoke(Method.java:580)
	at java.base/java.util.ArrayList.forEach(ArrayList.java:1596)
	at java.base/java.util.ArrayList.forEach(ArrayList.java:1596)

