<?xml version="1.0" encoding="UTF-8"?>
<testsuite xmlns:xsi="http://www.w3.org/2001/XMLSchema-instance" xsi:noNamespaceSchemaLocation="https://maven.apache.org/surefire/maven-surefire-plugin/xsd/surefire-test-report-3.0.xsd" version="3.0" name="com.yakupselami.spring6restmvc.controller.CustomerControllerTest" time="0.692" tests="7" errors="0" skipped="0" failures="6">
  <properties>
[...]
</properties>
  <testcase name="getCustomerById" classname="com.yakupselami.spring6restmvc.controller.CustomerControllerTest" time="0.017">
    <failure message="No value at JSON path &quot;$.id&quot;" type="java.lang.AssertionError"><![CDATA[java.lang.AssertionError: No value at JSON path "$.id"
	at org.springframework.test.util.JsonPathExpectationsHelper.evaluateJsonPath(JsonPathExpectationsHelper.java:302)
	at org.springframework.test.util.JsonPathExpectationsHelper.assertValue(JsonPathExpectationsHelper.java:73)
	at org.springframework.test.web.servlet.result.JsonPathResultMatchers.lambda$value$0(JsonPathResultMatchers.java:87)
	at org.springframework.test.web.servlet.MockMvc$1.andExpect(MockMvc.java:214)
	at com.yakupselami.spring6restmvc.controller.CustomerControllerTest.getCustomerById(CustomerControllerTest.java:173)
	at java.base/java.lang.reflect.Method.invoke(Method.java:580)
	at java.base/java.util.ArrayList.forEach(ArrayList.java:1596)
	at java.base/java.util.ArrayList.forEach(ArrayList.java:1596)
Caused by: com.jayway.jsonpath.PathNotFoundException: No results for path: $['id']
]]></failure>
    <system-out><![CDATA[2024-03-06T20:54:12.182+03:00  INFO 15780 --- [           main] t.c.s.AnnotationConfigContextLoaderUtils : Could not detect default configuration classes for test class [com.yakupselami.spring6restmvc.controller.CustomerControllerTest]: CustomerControllerTest does not declare any static, non-private, non-final, nested classes annotated with @Configuration.
2024-03-06T20:54:12.200+03:00  INFO 15780 --- [           main] .b.t.c.SpringBootTestContextBootstrapper : Found @SpringBootConfiguration com.yakupselami.spring6restmvc.Spring6RestMvcApplication for test class com.yakupselami.spring6restmvc.controller.CustomerControllerTest
2024-03-06T20:54:12.221+03:00  INFO 15780 --- [           main] o.s.b.d.r.RestartApplicationListener     : Restart disabled due to context in which it is running
 ██████ ███████ ██    ██ ██   ██  ██████  ██████
██      ██       ██  ██  ██  ██  ██    ██ ██   ██
██      █████     ████   █████   ██    ██ ██████
██      ██         ██    ██  ██  ██    ██ ██
 ██████ ███████    ██    ██   ██  ██████  ██


2024-03-06T20:54:12.282+03:00  INFO 15780 --- [           main] c.y.s.controller.CustomerControllerTest  : Starting CustomerControllerTest using Java 21.0.2 with PID 15780 (started by Yakup in C:\Users\Yakup\Desktop\courses\courses\spring-6-rest-mvc\spring-6-rest-mvc)
2024-03-06T20:54:12.282+03:00 DEBUG 15780 --- [           main] c.y.s.controller.CustomerControllerTest  : Running with Spring Boot v3.2.3, Spring v6.1.4
2024-03-06T20:54:12.282+03:00  INFO 15780 --- [           main] c.y.s.controller.CustomerControllerTest  : No active profile set, falling back to 1 default profile: "default"
2024-03-06T20:54:12.721+03:00  INFO 15780 --- [           main] o.s.b.t.m.w.SpringBootMockServletContext : Initializing Spring TestDispatcherServlet ''
2024-03-06T20:54:12.721+03:00  INFO 15780 --- [           main] o.s.t.web.servlet.TestDispatcherServlet  : Initializing Servlet ''
2024-03-06T20:54:12.722+03:00  INFO 15780 --- [           main] o.s.t.web.servlet.TestDispatcherServlet  : Completed initialization in 1 ms
2024-03-06T20:54:12.731+03:00  INFO 15780 --- [           main] c.y.s.controller.CustomerControllerTest  : Started CustomerControllerTest in 0.513 seconds (process running for 6.907)

MockHttpServletRequest:
      HTTP Method = GET
      Request URI = /api/v1/customer/242760a3-c524-4c3e-8b5c-74f30831fc97
       Parameters = {}
          Headers = [Accept:"application/json"]
             Body = null
    Session Attrs = {}

Handler:
             Type = com.yakupselami.spring6restmvc.controller.CustomerController
           Method = com.yakupselami.spring6restmvc.controller.CustomerController#getCustomerById(UUID)

Async:
    Async started = false
     Async result = null

Resolved Exception:
             Type = null

ModelAndView:
        View name = null
             View = null
            Model = null

FlashMap:
       Attributes = null

MockHttpServletResponse:
           Status = 200
    Error message = null
          Headers = [Content-Type:"application/json"]
     Content type = application/json
             Body = {"customerName":"İsmail Furkan Türkoğlu","customerId":"242760a3-c524-4c3e-8b5c-74f30831fc97","version":1,"createdDate":"2024-03-06T20:54:12.7405056","lastModifiedDate":"2024-03-06T20:54:12.7405056"}
    Forwarded URL = null
   Redirected URL = null
          Cookies = []
]]></system-out>
  </testcase>
  <testcase name="testListCustomers" classname="com.yakupselami.spring6restmvc.controller.CustomerControllerTest" time="0.011">
    <failure message="Status expected:&lt;200&gt; but was:&lt;404&gt;" type="java.lang.AssertionError"><![CDATA[java.lang.AssertionError: Status expected:<200> but was:<404>
	at org.springframework.test.util.AssertionErrors.fail(AssertionErrors.java:59)
	at org.springframework.test.util.AssertionErrors.assertEquals(AssertionErrors.java:122)
	at org.springframework.test.web.servlet.result.StatusResultMatchers.lambda$matcher$9(StatusResultMatchers.java:637)
	at org.springframework.test.web.servlet.MockMvc$1.andExpect(MockMvc.java:214)
	at com.yakupselami.spring6restmvc.controller.CustomerControllerTest.testListCustomers(CustomerControllerTest.java:155)
	at java.base/java.lang.reflect.Method.invoke(Method.java:580)
	at java.base/java.util.ArrayList.forEach(ArrayList.java:1596)
	at java.base/java.util.ArrayList.forEach(ArrayList.java:1596)
]]></failure>
    <system-out><![CDATA[
MockHttpServletRequest:
      HTTP Method = GET
      Request URI = /api/v1/customer
       Parameters = {}
          Headers = [Accept:"application/json"]
             Body = null
    Session Attrs = {}

Handler:
             Type = org.springframework.web.servlet.resource.ResourceHttpRequestHandler

Async:
    Async started = false
     Async result = null

Resolved Exception:
             Type = org.springframework.web.servlet.resource.NoResourceFoundException

ModelAndView:
        View name = null
             View = null
            Model = null

FlashMap:
       Attributes = null

MockHttpServletResponse:
           Status = 404
    Error message = No static resource api/v1/customer.
          Headers = [Vary:"Origin", "Access-Control-Request-Method", "Access-Control-Request-Headers"]
     Content type = null
             Body = 
    Forwarded URL = null
   Redirected URL = null
          Cookies = []
]]></system-out>
  </testcase>
  <testcase name="testCreateCustomerNullCustomerName" classname="com.yakupselami.spring6restmvc.controller.CustomerControllerTest" time="0.009">
    <failure message="Status expected:&lt;400&gt; but was:&lt;405&gt;" type="java.lang.AssertionError"><![CDATA[java.lang.AssertionError: Status expected:<400> but was:<405>
	at org.springframework.test.util.AssertionErrors.fail(AssertionErrors.java:59)
	at org.springframework.test.util.AssertionErrors.assertEquals(AssertionErrors.java:122)
	at org.springframework.test.web.servlet.result.StatusResultMatchers.lambda$matcher$9(StatusResultMatchers.java:637)
	at org.springframework.test.web.servlet.MockMvc$1.andExpect(MockMvc.java:214)
	at com.yakupselami.spring6restmvc.controller.CustomerControllerTest.testCreateCustomerNullCustomerName(CustomerControllerTest.java:72)
	at java.base/java.lang.reflect.Method.invoke(Method.java:580)
	at java.base/java.util.ArrayList.forEach(ArrayList.java:1596)
	at java.base/java.util.ArrayList.forEach(ArrayList.java:1596)
]]></failure>
    <system-out><![CDATA[2024-03-06T20:54:12.779+03:00  WARN 15780 --- [           main] .w.s.m.s.DefaultHandlerExceptionResolver : Resolved [org.springframework.web.HttpRequestMethodNotSupportedException: Request method 'POST' is not supported]

MockHttpServletRequest:
      HTTP Method = POST
      Request URI = /api/v1/customer/
       Parameters = {}
          Headers = [Content-Type:"application/json;charset=UTF-8", Accept:"application/json", Content-Length:"97"]
             Body = {"customerName":null,"customerId":null,"version":null,"createdDate":null,"lastModifiedDate":null}
    Session Attrs = {}

Handler:
             Type = null

Async:
    Async started = false
     Async result = null

Resolved Exception:
             Type = org.springframework.web.HttpRequestMethodNotSupportedException

ModelAndView:
        View name = null
             View = null
            Model = null

FlashMap:
       Attributes = null

MockHttpServletResponse:
           Status = 405
    Error message = Method 'POST' is not supported.
          Headers = [Allow:"GET"]
     Content type = null
             Body = 
    Forwarded URL = null
   Redirected URL = null
          Cookies = []
]]></system-out>
  </testcase>
  <testcase name="testPatchCustomer" classname="com.yakupselami.spring6restmvc.controller.CustomerControllerTest" time="0.04">
    <failure message="Status expected:&lt;204&gt; but was:&lt;400&gt;" type="java.lang.AssertionError"><![CDATA[java.lang.AssertionError: Status expected:<204> but was:<400>
	at org.springframework.test.util.AssertionErrors.fail(AssertionErrors.java:59)
	at org.springframework.test.util.AssertionErrors.assertEquals(AssertionErrors.java:122)
	at org.springframework.test.web.servlet.result.StatusResultMatchers.lambda$matcher$9(StatusResultMatchers.java:637)
	at org.springframework.test.web.servlet.MockMvc$1.andExpect(MockMvc.java:214)
	at com.yakupselami.spring6restmvc.controller.CustomerControllerTest.testPatchCustomer(CustomerControllerTest.java:109)
	at java.base/java.lang.reflect.Method.invoke(Method.java:580)
	at java.base/java.util.ArrayList.forEach(ArrayList.java:1596)
	at java.base/java.util.ArrayList.forEach(ArrayList.java:1596)
]]></failure>
    <system-out><![CDATA[
MockHttpServletRequest:
      HTTP Method = PATCH
      Request URI = /api/v1/customer/9b1d1d6f-7a4c-489d-990d-8f6c401b95de
       Parameters = {}
          Headers = [Content-Type:"application/json;charset=UTF-8", Accept:"application/json", Content-Length:"27"]
             Body = {"customerName":"New Name"}
    Session Attrs = {}

Handler:
             Type = com.yakupselami.spring6restmvc.controller.CustomerController
           Method = com.yakupselami.spring6restmvc.controller.CustomerController#updateCustomerPatchById(UUID, CustomerDTO)

Async:
    Async started = false
     Async result = null

Resolved Exception:
             Type = org.springframework.web.bind.MethodArgumentNotValidException

ModelAndView:
        View name = null
             View = null
            Model = null

FlashMap:
       Attributes = null

MockHttpServletResponse:
           Status = 400
    Error message = null
          Headers = [Content-Type:"application/json"]
     Content type = application/json
             Body = [{"customerId":"must not be null"},{"createdDate":"must not be null"}]
    Forwarded URL = null
   Redirected URL = null
          Cookies = []
]]></system-out>
  </testcase>
  <testcase name="testUpdateCustomer" classname="com.yakupselami.spring6restmvc.controller.CustomerControllerTest" time="0.009">
    <failure message="Status expected:&lt;204&gt; but was:&lt;404&gt;" type="java.lang.AssertionError"><![CDATA[java.lang.AssertionError: Status expected:<204> but was:<404>
	at org.springframework.test.util.AssertionErrors.fail(AssertionErrors.java:59)
	at org.springframework.test.util.AssertionErrors.assertEquals(AssertionErrors.java:122)
	at org.springframework.test.web.servlet.result.StatusResultMatchers.lambda$matcher$9(StatusResultMatchers.java:637)
	at org.springframework.test.web.servlet.MockMvc$1.andExpect(MockMvc.java:214)
	at com.yakupselami.spring6restmvc.controller.CustomerControllerTest.testUpdateCustomer(CustomerControllerTest.java:143)
	at java.base/java.lang.reflect.Method.invoke(Method.java:580)
	at java.base/java.util.ArrayList.forEach(ArrayList.java:1596)
	at java.base/java.util.ArrayList.forEach(ArrayList.java:1596)
]]></failure>
    <system-out><![CDATA[
MockHttpServletRequest:
      HTTP Method = PUT
      Request URI = /api/v1/customer/4e5852ef-9d86-4a10-9060-da2668fd321a
       Parameters = {}
          Headers = [Content-Type:"application/json;charset=UTF-8", Accept:"application/json", Content-Length:"196"]
             Body = {"customerName":"Hüseyin Çalışkan","customerId":"4e5852ef-9d86-4a10-9060-da2668fd321a","version":1,"createdDate":"2024-03-06T20:54:12.8322591","lastModifiedDate":"2024-03-06T20:54:12.8322591"}
    Session Attrs = {}

Handler:
             Type = com.yakupselami.spring6restmvc.controller.CustomerController
           Method = com.yakupselami.spring6restmvc.controller.CustomerController#updateCustomerById(UUID, CustomerDTO)

Async:
    Async started = false
     Async result = null

Resolved Exception:
             Type = com.yakupselami.spring6restmvc.controller.NotFoundException

ModelAndView:
        View name = null
             View = null
            Model = null

FlashMap:
       Attributes = null

MockHttpServletResponse:
           Status = 404
    Error message = Value Not Found
          Headers = []
     Content type = null
             Body = 
    Forwarded URL = null
   Redirected URL = null
          Cookies = []
]]></system-out>
  </testcase>
  <testcase name="testCreateNewCustomer" classname="com.yakupselami.spring6restmvc.controller.CustomerControllerTest" time="0.009">
    <failure message="Status expected:&lt;201&gt; but was:&lt;404&gt;" type="java.lang.AssertionError"><![CDATA[java.lang.AssertionError: Status expected:<201> but was:<404>
	at org.springframework.test.util.AssertionErrors.fail(AssertionErrors.java:59)
	at org.springframework.test.util.AssertionErrors.assertEquals(AssertionErrors.java:122)
	at org.springframework.test.web.servlet.result.StatusResultMatchers.lambda$matcher$9(StatusResultMatchers.java:637)
	at org.springframework.test.web.servlet.MockMvc$1.andExpect(MockMvc.java:214)
	at com.yakupselami.spring6restmvc.controller.CustomerControllerTest.testCreateNewCustomer(CustomerControllerTest.java:93)
	at java.base/java.lang.reflect.Method.invoke(Method.java:580)
	at java.base/java.util.ArrayList.forEach(ArrayList.java:1596)
	at java.base/java.util.ArrayList.forEach(ArrayList.java:1596)
]]></failure>
    <system-out><![CDATA[
MockHttpServletRequest:
      HTTP Method = POST
      Request URI = /api/v1/customer
       Parameters = {}
          Headers = [Content-Type:"{"customerName":"Hüseyin Çalışkan","customerId":null,"version":null,"createdDate":"2024-03-06T20:54:12.8472195","lastModifiedDate":"2024-03-06T20:54:12.8472195"};charset=UTF-8", Accept:"application/json"]
             Body = null
    Session Attrs = {}

Handler:
             Type = org.springframework.web.servlet.resource.ResourceHttpRequestHandler

Async:
    Async started = false
     Async result = null

Resolved Exception:
             Type = org.springframework.web.servlet.resource.NoResourceFoundException

ModelAndView:
        View name = null
             View = null
            Model = null

FlashMap:
       Attributes = null

MockHttpServletResponse:
           Status = 404
    Error message = No static resource api/v1/customer.
          Headers = [Vary:"Origin", "Access-Control-Request-Method", "Access-Control-Request-Headers"]
     Content type = null
             Body = 
    Forwarded URL = null
   Redirected URL = null
          Cookies = []
]]></system-out>
  </testcase>
  <testcase name="testDeleteBeer" classname="com.yakupselami.spring6restmvc.controller.CustomerControllerTest" time="0.008"/>
</testsuite>