<?xml version="1.0" encoding="UTF-8"?>
<testsuite xmlns:xsi="http://www.w3.org/2001/XMLSchema-instance" xsi:noNamespaceSchemaLocation="https://maven.apache.org/surefire/maven-surefire-plugin/xsd/surefire-test-report-3.0.xsd" version="3.0" name="com.yakupselami.spring6restmvc.controller.BeerControllerTest" time="5.348" tests="8" errors="0" skipped="0" failures="4">
  <properties>
[...]
</properties>
  <testcase name="testUpdateBeer" classname="com.yakupselami.spring6restmvc.controller.BeerControllerTest" time="0.545">
    <system-out><![CDATA[20:54:07.128 [main] INFO org.springframework.test.context.support.AnnotationConfigContextLoaderUtils -- Could not detect default configuration classes for test class [com.yakupselami.spring6restmvc.controller.BeerControllerTest]: BeerControllerTest does not declare any static, non-private, non-final, nested classes annotated with @Configuration.
20:54:07.421 [main] INFO org.springframework.boot.test.context.SpringBootTestContextBootstrapper -- Found @SpringBootConfiguration com.yakupselami.spring6restmvc.Spring6RestMvcApplication for test class com.yakupselami.spring6restmvc.controller.BeerControllerTest
20:54:08.604 [main] INFO org.springframework.boot.devtools.restart.RestartApplicationListener -- Restart disabled due to context in which it is running
 ██████ ███████ ██    ██ ██   ██  ██████  ██████
██      ██       ██  ██  ██  ██  ██    ██ ██   ██
██      █████     ████   █████   ██    ██ ██████
██      ██         ██    ██  ██  ██    ██ ██
 ██████ ███████    ██    ██   ██  ██████  ██


2024-03-06T20:54:09.106+03:00  INFO 15780 --- [           main] c.y.s.controller.BeerControllerTest      : Starting BeerControllerTest using Java 21.0.2 with PID 15780 (started by Yakup in C:\Users\Yakup\Desktop\courses\courses\spring-6-rest-mvc\spring-6-rest-mvc)
2024-03-06T20:54:09.110+03:00 DEBUG 15780 --- [           main] c.y.s.controller.BeerControllerTest      : Running with Spring Boot v3.2.3, Spring v6.1.4
2024-03-06T20:54:09.111+03:00  INFO 15780 --- [           main] c.y.s.controller.BeerControllerTest      : No active profile set, falling back to 1 default profile: "default"
2024-03-06T20:54:11.180+03:00  INFO 15780 --- [           main] o.s.b.t.m.w.SpringBootMockServletContext : Initializing Spring TestDispatcherServlet ''
2024-03-06T20:54:11.180+03:00  INFO 15780 --- [           main] o.s.t.web.servlet.TestDispatcherServlet  : Initializing Servlet ''
2024-03-06T20:54:11.183+03:00  INFO 15780 --- [           main] o.s.t.web.servlet.TestDispatcherServlet  : Completed initialization in 2 ms
2024-03-06T20:54:11.228+03:00  INFO 15780 --- [           main] c.y.s.controller.BeerControllerTest      : Started BeerControllerTest in 2.637 seconds (process running for 5.404)
]]></system-out>
    <system-err><![CDATA[WARNING: A Java agent has been loaded dynamically (C:\Users\Yakup\.m2\repository\net\bytebuddy\byte-buddy-agent\1.14.12\byte-buddy-agent-1.14.12.jar)
WARNING: If a serviceability tool is in use, please run with -XX:+EnableDynamicAgentLoading to hide this warning
WARNING: If a serviceability tool is not in use, please run with -Djdk.instrument.traceUsage for more information
WARNING: Dynamic loading of agents will be disallowed by default in a future release
]]></system-err>
  </testcase>
  <testcase name="getBeerById" classname="com.yakupselami.spring6restmvc.controller.BeerControllerTest" time="0.078">
    <system-out><![CDATA[2024-03-06T20:54:11.803+03:00 DEBUG 15780 --- [           main] c.y.s.controller.BeerController          : Get beer by Id - in controller
]]></system-out>
  </testcase>
  <testcase name="testListBeers" classname="com.yakupselami.spring6restmvc.controller.BeerControllerTest" time="0.026">
    <failure message="Status expected:&lt;200&gt; but was:&lt;404&gt;" type="java.lang.AssertionError"><![CDATA[java.lang.AssertionError: Status expected:<200> but was:<404>
	at org.springframework.test.util.AssertionErrors.fail(AssertionErrors.java:59)
	at org.springframework.test.util.AssertionErrors.assertEquals(AssertionErrors.java:122)
	at org.springframework.test.web.servlet.result.StatusResultMatchers.lambda$matcher$9(StatusResultMatchers.java:637)
	at org.springframework.test.web.servlet.MockMvc$1.andExpect(MockMvc.java:214)
	at com.yakupselami.spring6restmvc.controller.BeerControllerTest.testListBeers(BeerControllerTest.java:149)
	at java.base/java.lang.reflect.Method.invoke(Method.java:580)
	at java.base/java.util.ArrayList.forEach(ArrayList.java:1596)
	at java.base/java.util.ArrayList.forEach(ArrayList.java:1596)
]]></failure>
    <system-out><![CDATA[
MockHttpServletRequest:
      HTTP Method = GET
      Request URI = /api/v1/beer
       Parameters = {}
          Headers = [Accept:"application/json"]
             Body = null
    Session Attrs = {}

Handler:
             Type = org.springframework.web.servlet.resource.ResourceHttpRequestHandler

Async:
    Async started = false
     Async result = null

Resolved Exception:
             Type = org.springframework.web.servlet.resource.NoResourceFoundException

ModelAndView:
        View name = null
             View = null
            Model = null

FlashMap:
       Attributes = null

MockHttpServletResponse:
           Status = 404
    Error message = No static resource api/v1/beer.
          Headers = [Vary:"Origin", "Access-Control-Request-Method", "Access-Control-Request-Headers"]
     Content type = null
             Body = 
    Forwarded URL = null
   Redirected URL = null
          Cookies = []
]]></system-out>
  </testcase>
  <testcase name="testPatchBeer" classname="com.yakupselami.spring6restmvc.controller.BeerControllerTest" time="0.05">
    <failure message="Status expected:&lt;204&gt; but was:&lt;400&gt;" type="java.lang.AssertionError"><![CDATA[java.lang.AssertionError: Status expected:<204> but was:<400>
	at org.springframework.test.util.AssertionErrors.fail(AssertionErrors.java:59)
	at org.springframework.test.util.AssertionErrors.assertEquals(AssertionErrors.java:122)
	at org.springframework.test.web.servlet.result.StatusResultMatchers.lambda$matcher$9(StatusResultMatchers.java:637)
	at org.springframework.test.web.servlet.MockMvc$1.andExpect(MockMvc.java:214)
	at com.yakupselami.spring6restmvc.controller.BeerControllerTest.testPatchBeer(BeerControllerTest.java:90)
	at java.base/java.lang.reflect.Method.invoke(Method.java:580)
	at java.base/java.util.ArrayList.forEach(ArrayList.java:1596)
	at java.base/java.util.ArrayList.forEach(ArrayList.java:1596)
]]></failure>
    <system-out><![CDATA[
MockHttpServletRequest:
      HTTP Method = PATCH
      Request URI = /api/v1/beer/af96ab12-9257-4572-a0d6-b08a319fe084
       Parameters = {}
          Headers = [Content-Type:"application/json;charset=UTF-8", Accept:"application/json", Content-Length:"23"]
             Body = {"beerName":"New Name"}
    Session Attrs = {}

Handler:
             Type = com.yakupselami.spring6restmvc.controller.BeerController
           Method = com.yakupselami.spring6restmvc.controller.BeerController#updateBeerPatchById(UUID, BeerDTO)

Async:
    Async started = false
     Async result = null

Resolved Exception:
             Type = org.springframework.web.bind.MethodArgumentNotValidException

ModelAndView:
        View name = null
             View = null
            Model = null

FlashMap:
       Attributes = null

MockHttpServletResponse:
           Status = 400
    Error message = null
          Headers = [Content-Type:"application/json"]
     Content type = application/json
             Body = [{"upc":"must not be blank"},{"upc":"must not be null"},{"price":"must not be null"},{"beerStyle":"must not be null"}]
    Forwarded URL = null
   Redirected URL = null
          Cookies = []
]]></system-out>
  </testcase>
  <testcase name="getBeerByIdNotFound" classname="com.yakupselami.spring6restmvc.controller.BeerControllerTest" time="0.015">
    <system-out><![CDATA[2024-03-06T20:54:11.979+03:00 DEBUG 15780 --- [           main] c.y.s.controller.BeerController          : Get beer by Id - in controller
]]></system-out>
  </testcase>
  <testcase name="testCreateBeerNullBeerName" classname="com.yakupselami.spring6restmvc.controller.BeerControllerTest" time="0.019">
    <failure message="JSON path &quot;$.length()&quot;&#10;Expected: is &lt;2&gt;&#10;     but: was &lt;6&gt;" type="java.lang.AssertionError"><![CDATA[java.lang.AssertionError: 
JSON path "$.length()"
Expected: is <2>
     but: was <6>
	at org.hamcrest.MatcherAssert.assertThat(MatcherAssert.java:20)
	at org.springframework.test.util.JsonPathExpectationsHelper.assertValue(JsonPathExpectationsHelper.java:74)
	at org.springframework.test.web.servlet.result.JsonPathResultMatchers.lambda$value$0(JsonPathResultMatchers.java:87)
	at org.springframework.test.web.servlet.MockMvc$1.andExpect(MockMvc.java:214)
	at com.yakupselami.spring6restmvc.controller.BeerControllerTest.testCreateBeerNullBeerName(BeerControllerTest.java:71)
	at java.base/java.lang.reflect.Method.invoke(Method.java:580)
	at java.base/java.util.ArrayList.forEach(ArrayList.java:1596)
	at java.base/java.util.ArrayList.forEach(ArrayList.java:1596)
]]></failure>
    <system-out><![CDATA[
MockHttpServletRequest:
      HTTP Method = POST
      Request URI = /api/v1/beer/
       Parameters = {}
          Headers = [Content-Type:"application/json;charset=UTF-8", Accept:"application/json", Content-Length:"142"]
             Body = {"id":null,"version":null,"beerName":null,"beerStyle":null,"upc":null,"quantityOnHand":null,"price":null,"createdDate":null,"updateDate":null}
    Session Attrs = {}

Handler:
             Type = com.yakupselami.spring6restmvc.controller.BeerController
           Method = com.yakupselami.spring6restmvc.controller.BeerController#handlePost(BeerDTO)

Async:
    Async started = false
     Async result = null

Resolved Exception:
             Type = org.springframework.web.bind.MethodArgumentNotValidException

ModelAndView:
        View name = null
             View = null
            Model = null

FlashMap:
       Attributes = null

MockHttpServletResponse:
           Status = 400
    Error message = null
          Headers = [Content-Type:"application/json"]
     Content type = application/json
             Body = [{"beerName":"must not be blank"},{"upc":"must not be blank"},{"upc":"must not be null"},{"price":"must not be null"},{"beerStyle":"must not be null"},{"beerName":"must not be null"}]
    Forwarded URL = null
   Redirected URL = null
          Cookies = []
]]></system-out>
  </testcase>
  <testcase name="testDeleteBeer" classname="com.yakupselami.spring6restmvc.controller.BeerControllerTest" time="0.129"/>
  <testcase name="testCreateNewBeer" classname="com.yakupselami.spring6restmvc.controller.BeerControllerTest" time="0.014">
    <failure message="Status expected:&lt;201&gt; but was:&lt;404&gt;" type="java.lang.AssertionError"><![CDATA[java.lang.AssertionError: Status expected:<201> but was:<404>
	at org.springframework.test.util.AssertionErrors.fail(AssertionErrors.java:59)
	at org.springframework.test.util.AssertionErrors.assertEquals(AssertionErrors.java:122)
	at org.springframework.test.web.servlet.result.StatusResultMatchers.lambda$matcher$9(StatusResultMatchers.java:637)
	at org.springframework.test.web.servlet.MockMvc$1.andExpect(MockMvc.java:214)
	at com.yakupselami.spring6restmvc.controller.BeerControllerTest.testCreateNewBeer(BeerControllerTest.java:139)
	at java.base/java.lang.reflect.Method.invoke(Method.java:580)
	at java.base/java.util.ArrayList.forEach(ArrayList.java:1596)
	at java.base/java.util.ArrayList.forEach(ArrayList.java:1596)
]]></failure>
    <system-out><![CDATA[
MockHttpServletRequest:
      HTTP Method = POST
      Request URI = /api/v1/beer
       Parameters = {}
          Headers = [Content-Type:"{"id":null,"version":null,"beerName":"Crank","beerStyle":"PALE_ALE","upc":"123453232","quantityOnHand":392,"price":11.99,"createdDate":"2024-03-06T20:54:12.1460982","updateDate":"2024-03-06T20:54:12.1460982"};charset=UTF-8", Accept:"application/json"]
             Body = null
    Session Attrs = {}

Handler:
             Type = org.springframework.web.servlet.resource.ResourceHttpRequestHandler

Async:
    Async started = false
     Async result = null

Resolved Exception:
             Type = org.springframework.web.servlet.resource.NoResourceFoundException

ModelAndView:
        View name = null
             View = null
            Model = null

FlashMap:
       Attributes = null

MockHttpServletResponse:
           Status = 404
    Error message = No static resource api/v1/beer.
          Headers = [Vary:"Origin", "Access-Control-Request-Method", "Access-Control-Request-Headers"]
     Content type = null
             Body = 
    Forwarded URL = null
   Redirected URL = null
          Cookies = []
]]></system-out>
  </testcase>
</testsuite>